<?xml version="1.0" encoding="UTF-8"?>
<testng-results skipped="0" failed="0" ignored="0" total="4" passed="4">
  <reporter-output>
  </reporter-output>
  <suite name="Default suite" duration-ms="3705" started-at="2019-09-24T19:24:27Z" finished-at="2019-09-24T19:24:31Z">
    <groups>
    </groups>
    <test name="Default test" duration-ms="3705" started-at="2019-09-24T19:24:27Z" finished-at="2019-09-24T19:24:31Z">
      <class name="com.consol.citrus.simulator.SimulatorRestIT">
        <test-method status="PASS" signature="beforeSuite(org.testng.ITestContext)[pri:0, instance:com.consol.citrus.simulator.SimulatorRestIT@2928854b]" name="beforeSuite" is-config="true" duration-ms="3185" started-at="2019-09-24T21:24:24Z" finished-at="2019-09-24T21:24:27Z">
          <params>
            <param index="0">
              <value>
                <![CDATA[org.testng.TestRunner@2f879bab]]>
              </value>
            </param>
          </params>
          <reporter-output>
          </reporter-output>
        </test-method> <!-- beforeSuite -->
        <test-method status="PASS" signature="springTestContextBeforeTestClass()[pri:0, instance:com.consol.citrus.simulator.SimulatorRestIT@2928854b]" name="springTestContextBeforeTestClass" is-config="true" duration-ms="1" started-at="2019-09-24T21:24:27Z" finished-at="2019-09-24T21:24:27Z">
          <reporter-output>
          </reporter-output>
        </test-method> <!-- springTestContextBeforeTestClass -->
        <test-method status="PASS" signature="springTestContextPrepareTestInstance()[pri:0, instance:com.consol.citrus.simulator.SimulatorRestIT@2928854b]" name="springTestContextPrepareTestInstance" is-config="true" duration-ms="1" started-at="2019-09-24T21:24:27Z" depends-on-methods="org.springframework.test.context.testng.AbstractTestNGSpringContextTests.springTestContextBeforeTestClass" finished-at="2019-09-24T21:24:27Z">
          <reporter-output>
          </reporter-output>
        </test-method> <!-- springTestContextPrepareTestInstance -->
        <test-method status="PASS" signature="springTestContextBeforeTestMethod(java.lang.reflect.Method)[pri:0, instance:com.consol.citrus.simulator.SimulatorRestIT@2928854b]" name="springTestContextBeforeTestMethod" is-config="true" duration-ms="1" started-at="2019-09-24T21:24:27Z" finished-at="2019-09-24T21:24:27Z">
          <params>
            <param index="0">
              <value>
                <![CDATA[public void com.consol.citrus.simulator.SimulatorRestIT.testDefaultRequest()]]>
              </value>
            </param>
          </params>
          <reporter-output>
          </reporter-output>
        </test-method> <!-- springTestContextBeforeTestMethod -->
        <test-method status="PASS" signature="testDefaultRequest()[pri:0, instance:com.consol.citrus.simulator.SimulatorRestIT@2928854b]" name="testDefaultRequest" duration-ms="2609" started-at="2019-09-24T21:24:27Z" finished-at="2019-09-24T21:24:30Z">
          <reporter-output>
          </reporter-output>
        </test-method> <!-- testDefaultRequest -->
        <test-method status="PASS" signature="springTestContextAfterTestMethod(java.lang.reflect.Method)[pri:0, instance:com.consol.citrus.simulator.SimulatorRestIT@2928854b]" name="springTestContextAfterTestMethod" is-config="true" duration-ms="5" started-at="2019-09-24T21:24:30Z" finished-at="2019-09-24T21:24:30Z">
          <params>
            <param index="0">
              <value>
                <![CDATA[public void com.consol.citrus.simulator.SimulatorRestIT.testDefaultRequest()]]>
              </value>
            </param>
          </params>
          <reporter-output>
          </reporter-output>
        </test-method> <!-- springTestContextAfterTestMethod -->
        <test-method status="PASS" signature="springTestContextBeforeTestMethod(java.lang.reflect.Method)[pri:0, instance:com.consol.citrus.simulator.SimulatorRestIT@2928854b]" name="springTestContextBeforeTestMethod" is-config="true" duration-ms="1" started-at="2019-09-24T21:24:30Z" finished-at="2019-09-24T21:24:30Z">
          <params>
            <param index="0">
              <value>
                <![CDATA[public void com.consol.citrus.simulator.SimulatorRestIT.testGoodByeRequest()]]>
              </value>
            </param>
          </params>
          <reporter-output>
          </reporter-output>
        </test-method> <!-- springTestContextBeforeTestMethod -->
        <test-method status="PASS" signature="testGoodByeRequest()[pri:0, instance:com.consol.citrus.simulator.SimulatorRestIT@2928854b]" name="testGoodByeRequest" duration-ms="445" started-at="2019-09-24T21:24:30Z" finished-at="2019-09-24T21:24:30Z">
          <reporter-output>
          </reporter-output>
        </test-method> <!-- testGoodByeRequest -->
        <test-method status="PASS" signature="springTestContextAfterTestMethod(java.lang.reflect.Method)[pri:0, instance:com.consol.citrus.simulator.SimulatorRestIT@2928854b]" name="springTestContextAfterTestMethod" is-config="true" duration-ms="6" started-at="2019-09-24T21:24:30Z" finished-at="2019-09-24T21:24:30Z">
          <params>
            <param index="0">
              <value>
                <![CDATA[public void com.consol.citrus.simulator.SimulatorRestIT.testGoodByeRequest()]]>
              </value>
            </param>
          </params>
          <reporter-output>
          </reporter-output>
        </test-method> <!-- springTestContextAfterTestMethod -->
        <test-method status="PASS" signature="springTestContextBeforeTestMethod(java.lang.reflect.Method)[pri:0, instance:com.consol.citrus.simulator.SimulatorRestIT@2928854b]" name="springTestContextBeforeTestMethod" is-config="true" duration-ms="0" started-at="2019-09-24T21:24:30Z" finished-at="2019-09-24T21:24:30Z">
          <params>
            <param index="0">
              <value>
                <![CDATA[public void com.consol.citrus.simulator.SimulatorRestIT.testHelloRequest()]]>
              </value>
            </param>
          </params>
          <reporter-output>
          </reporter-output>
        </test-method> <!-- springTestContextBeforeTestMethod -->
        <test-method status="PASS" signature="testHelloRequest()[pri:0, instance:com.consol.citrus.simulator.SimulatorRestIT@2928854b]" name="testHelloRequest" duration-ms="312" started-at="2019-09-24T21:24:30Z" finished-at="2019-09-24T21:24:31Z">
          <reporter-output>
          </reporter-output>
        </test-method> <!-- testHelloRequest -->
        <test-method status="PASS" signature="springTestContextAfterTestMethod(java.lang.reflect.Method)[pri:0, instance:com.consol.citrus.simulator.SimulatorRestIT@2928854b]" name="springTestContextAfterTestMethod" is-config="true" duration-ms="5" started-at="2019-09-24T21:24:31Z" finished-at="2019-09-24T21:24:31Z">
          <params>
            <param index="0">
              <value>
                <![CDATA[public void com.consol.citrus.simulator.SimulatorRestIT.testHelloRequest()]]>
              </value>
            </param>
          </params>
          <reporter-output>
          </reporter-output>
        </test-method> <!-- springTestContextAfterTestMethod -->
        <test-method status="PASS" signature="springTestContextBeforeTestMethod(java.lang.reflect.Method)[pri:0, instance:com.consol.citrus.simulator.SimulatorRestIT@2928854b]" name="springTestContextBeforeTestMethod" is-config="true" duration-ms="1" started-at="2019-09-24T21:24:31Z" finished-at="2019-09-24T21:24:31Z">
          <params>
            <param index="0">
              <value>
                <![CDATA[public void com.consol.citrus.simulator.SimulatorRestIT.testInterveningRequest()]]>
              </value>
            </param>
          </params>
          <reporter-output>
          </reporter-output>
        </test-method> <!-- springTestContextBeforeTestMethod -->
        <test-method status="PASS" signature="testInterveningRequest()[pri:0, instance:com.consol.citrus.simulator.SimulatorRestIT@2928854b]" name="testInterveningRequest" duration-ms="288" started-at="2019-09-24T21:24:31Z" finished-at="2019-09-24T21:24:31Z">
          <reporter-output>
          </reporter-output>
        </test-method> <!-- testInterveningRequest -->
        <test-method status="PASS" signature="springTestContextAfterTestMethod(java.lang.reflect.Method)[pri:0, instance:com.consol.citrus.simulator.SimulatorRestIT@2928854b]" name="springTestContextAfterTestMethod" is-config="true" duration-ms="1" started-at="2019-09-24T21:24:31Z" finished-at="2019-09-24T21:24:31Z">
          <params>
            <param index="0">
              <value>
                <![CDATA[public void com.consol.citrus.simulator.SimulatorRestIT.testInterveningRequest()]]>
              </value>
            </param>
          </params>
          <reporter-output>
          </reporter-output>
        </test-method> <!-- springTestContextAfterTestMethod -->
        <test-method status="PASS" signature="springTestContextAfterTestClass()[pri:0, instance:com.consol.citrus.simulator.SimulatorRestIT@2928854b]" name="springTestContextAfterTestClass" is-config="true" duration-ms="1" started-at="2019-09-24T21:24:31Z" finished-at="2019-09-24T21:24:31Z">
          <reporter-output>
          </reporter-output>
        </test-method> <!-- springTestContextAfterTestClass -->
        <test-method status="PASS" signature="afterSuite(org.testng.ITestContext)[pri:0, instance:com.consol.citrus.simulator.SimulatorRestIT@2928854b]" name="afterSuite" is-config="true" duration-ms="35" started-at="2019-09-24T21:24:31Z" finished-at="2019-09-24T21:24:31Z">
          <params>
            <param index="0">
              <value>
                <![CDATA[org.testng.TestRunner@2f879bab]]>
              </value>
            </param>
          </params>
          <reporter-output>
          </reporter-output>
        </test-method> <!-- afterSuite -->
      </class> <!-- com.consol.citrus.simulator.SimulatorRestIT -->
    </test> <!-- Default test -->
  </suite> <!-- Default suite -->
</testng-results>
