<?xml version="1.0" encoding="UTF-8"?>
<!-- Generated by org.testng.reporters.JUnitXMLReporter -->
<testsuite hostname="host-78-65-176-38.homerun.telia.com" ignored="0" name="Default test" tests="4" failures="0" timestamp="24 sep 2019 19:24:31 GMT" time="3.705" errors="0">
  <testcase name="testDefaultRequest" time="2.609" classname="com.consol.citrus.simulator.SimulatorRestIT"/>
  <testcase name="testGoodByeRequest" time="0.445" classname="com.consol.citrus.simulator.SimulatorRestIT"/>
  <testcase name="testHelloRequest" time="0.312" classname="com.consol.citrus.simulator.SimulatorRestIT"/>
  <testcase name="testInterveningRequest" time="0.288" classname="com.consol.citrus.simulator.SimulatorRestIT"/>
</testsuite> <!-- Default test -->
